# JRE version: OpenJDK Runtime Environment (8.0_342-b07) (build 1.8.0_342-8u342-b07-0ubuntu1~20.04-b07)
# Java VM: OpenJDK 64-Bit Server VM (25.342-b07 mixed mode linux-amd64 compressed oops)
Heap:
 PSYoungGen      total 396800K, used 303071K [0x00000000d8580000, 0x00000000f0c80000, 0x0000000100000000)
  eden space 393216K, 77% used [0x00000000d8580000,0x00000000ead47d38,0x00000000f0580000)
  from space 3584K, 5% used [0x00000000f0900000,0x00000000f0930000,0x00000000f0c80000)
  to   space 3584K, 0% used [0x00000000f0580000,0x00000000f0580000,0x00000000f0900000)
 ParOldGen       total 81920K, used 1326K [0x0000000089000000, 0x000000008e000000, 0x00000000d8580000)
  object space 81920K, 1% used [0x0000000089000000,0x000000008914bad8,0x000000008e000000)
 Metaspace       used 19059K, capacity 19290K, committed 19456K, reserved 1067008K
  class space    used 1669K, capacity 1753K, committed 1792K, reserved 1048576K
GC Heap History (10 events):
Event: 1,584 GC heap before
{Heap before GC invocations=6 (full 0):
 PSYoungGen      total 66560K, used 62749K [0x00000000d8580000, 0x00000000e0480000, 0x0000000100000000)
  eden space 61440K, 100% used [0x00000000d8580000,0x00000000dc180000,0x00000000dc180000)
  from space 5120K, 25% used [0x00000000dc180000,0x00000000dc2c77d8,0x00000000dc680000)
  to   space 3584K, 0% used [0x00000000e0100000,0x00000000e0100000,0x00000000e0480000)
 ParOldGen       total 81920K, used 32K [0x0000000089000000, 0x000000008e000000, 0x00000000d8580000)
  object space 81920K, 0% used [0x0000000089000000,0x0000000089008000,0x000000008e000000)
 Metaspace       used 8429K, capacity 9064K, committed 9344K, reserved 1058816K
  class space    used 469K, capacity 529K, committed 640K, reserved 1048576K
Event: 1,587 GC heap after
Heap after GC invocations=6 (full 0):
 PSYoungGen      total 126464K, used 1293K [0x00000000d8580000, 0x00000000e0480000, 0x0000000100000000)
  eden space 122880K, 0% used [0x00000000d8580000,0x00000000d8580000,0x00000000dfd80000)
  from space 3584K, 36% used [0x00000000e0100000,0x00000000e02437c8,0x00000000e0480000)
  to   space 3584K, 0% used [0x00000000dfd80000,0x00000000dfd80000,0x00000000e0100000)
 ParOldGen       total 81920K, used 40K [0x0000000089000000, 0x000000008e000000, 0x00000000d8580000)
  object space 81920K, 0% used [0x0000000089000000,0x000000008900a000,0x000000008e000000)
 Metaspace       used 8429K, capacity 9064K, committed 9344K, reserved 1058816K
  class space    used 469K, capacity 529K, committed 640K, reserved 1048576K
}
Event: 1,883 GC heap before
{Heap before GC invocations=7 (full 0):
 PSYoungGen      total 126464K, used 124173K [0x00000000d8580000, 0x00000000e0480000, 0x0000000100000000)
  eden space 122880K, 100% used [0x00000000d8580000,0x00000000dfd80000,0x00000000dfd80000)
  from space 3584K, 36% used [0x00000000e0100000,0x00000000e02437c8,0x00000000e0480000)
  to   space 3584K, 0% used [0x00000000dfd80000,0x00000000dfd80000,0x00000000e0100000)
 ParOldGen       total 81920K, used 40K [0x0000000089000000, 0x000000008e000000, 0x00000000d8580000)
  object space 81920K, 0% used [0x0000000089000000,0x000000008900a000,0x000000008e000000)
 Metaspace       used 8431K, capacity 9064K, committed 9344K, reserved 1058816K
  class space    used 469K, capacity 529K, committed 640K, reserved 1048576K
Event: 1,885 GC heap after
Heap after GC invocations=7 (full 0):
 PSYoungGen      total 126464K, used 256K [0x00000000d8580000, 0x00000000e7c80000, 0x0000000100000000)
  eden space 122880K, 0% used [0x00000000d8580000,0x00000000d8580000,0x00000000dfd80000)
  from space 3584K, 7% used [0x00000000dfd80000,0x00000000dfdc0000,0x00000000e0100000)
  to   space 3584K, 0% used [0x00000000e7900000,0x00000000e7900000,0x00000000e7c80000)
 ParOldGen       total 81920K, used 1246K [0x0000000089000000, 0x000000008e000000, 0x00000000d8580000)
  object space 81920K, 1% used [0x0000000089000000,0x0000000089137ad8,0x000000008e000000)
 Metaspace       used 8431K, capacity 9064K, committed 9344K, reserved 1058816K
  class space    used 469K, capacity 529K, committed 640K, reserved 1048576K
}
Event: 2,121 GC heap before
{Heap before GC invocations=8 (full 0):
 PSYoungGen      total 126464K, used 123136K [0x00000000d8580000, 0x00000000e7c80000, 0x0000000100000000)
  eden space 122880K, 100% used [0x00000000d8580000,0x00000000dfd80000,0x00000000dfd80000)
  from space 3584K, 7% used [0x00000000dfd80000,0x00000000dfdc0000,0x00000000e0100000)
  to   space 3584K, 0% used [0x00000000e7900000,0x00000000e7900000,0x00000000e7c80000)
 ParOldGen       total 81920K, used 1246K [0x0000000089000000, 0x000000008e000000, 0x00000000d8580000)
  object space 81920K, 1% used [0x0000000089000000,0x0000000089137ad8,0x000000008e000000)
 Metaspace       used 8431K, capacity 9064K, committed 9344K, reserved 1058816K
  class space    used 469K, capacity 529K, committed 640K, reserved 1048576K
Event: 2,122 GC heap after
Heap after GC invocations=8 (full 0):
 PSYoungGen      total 249344K, used 192K [0x00000000d8580000, 0x00000000e7c80000, 0x0000000100000000)
  eden space 245760K, 0% used [0x00000000d8580000,0x00000000d8580000,0x00000000e7580000)
  from space 3584K, 5% used [0x00000000e7900000,0x00000000e7930000,0x00000000e7c80000)
  to   space 3584K, 0% used [0x00000000e7580000,0x00000000e7580000,0x00000000e7900000)
 ParOldGen       total 81920K, used 1302K [0x0000000089000000, 0x000000008e000000, 0x00000000d8580000)
  object space 81920K, 1% used [0x0000000089000000,0x0000000089145ad8,0x000000008e000000)
 Metaspace       used 8431K, capacity 9064K, committed 9344K, reserved 1058816K
  class space    used 469K, capacity 529K, committed 640K, reserved 1048576K
}
Event: 2,567 GC heap before
{Heap before GC invocations=9 (full 0):
 PSYoungGen      total 249344K, used 245952K [0x00000000d8580000, 0x00000000e7c80000, 0x0000000100000000)
  eden space 245760K, 100% used [0x00000000d8580000,0x00000000e7580000,0x00000000e7580000)
  from space 3584K, 5% used [0x00000000e7900000,0x00000000e7930000,0x00000000e7c80000)
  to   space 3584K, 0% used [0x00000000e7580000,0x00000000e7580000,0x00000000e7900000)
 ParOldGen       total 81920K, used 1302K [0x0000000089000000, 0x000000008e000000, 0x00000000d8580000)
  object space 81920K, 1% used [0x0000000089000000,0x0000000089145ad8,0x000000008e000000)
 Metaspace       used 8432K, capacity 9064K, committed 9344K, reserved 1058816K
  class space    used 469K, capacity 529K, committed 640K, reserved 1048576K
Event: 2,568 GC heap after
Heap after GC invocations=9 (full 0):
 PSYoungGen      total 249344K, used 128K [0x00000000d8580000, 0x00000000f0c80000, 0x0000000100000000)
  eden space 245760K, 0% used [0x00000000d8580000,0x00000000d8580000,0x00000000e7580000)
  from space 3584K, 3% used [0x00000000e7580000,0x00000000e75a0000,0x00000000e7900000)
  to   space 3584K, 0% used [0x00000000f0900000,0x00000000f0900000,0x00000000f0c80000)
 ParOldGen       total 81920K, used 1318K [0x0000000089000000, 0x000000008e000000, 0x00000000d8580000)
  object space 81920K, 1% used [0x0000000089000000,0x0000000089149ad8,0x000000008e000000)
 Metaspace       used 8432K, capacity 9064K, committed 9344K, reserved 1058816K
  class space    used 469K, capacity 529K, committed 640K, reserved 1048576K
}
Event: 2,979 GC heap before
{Heap before GC invocations=10 (full 0):
 PSYoungGen      total 249344K, used 245888K [0x00000000d8580000, 0x00000000f0c80000, 0x0000000100000000)
  eden space 245760K, 100% used [0x00000000d8580000,0x00000000e7580000,0x00000000e7580000)
  from space 3584K, 3% used [0x00000000e7580000,0x00000000e75a0000,0x00000000e7900000)
  to   space 3584K, 0% used [0x00000000f0900000,0x00000000f0900000,0x00000000f0c80000)
 ParOldGen       total 81920K, used 1318K [0x0000000089000000, 0x000000008e000000, 0x00000000d8580000)
  object space 81920K, 1% used [0x0000000089000000,0x0000000089149ad8,0x000000008e000000)
 Metaspace       used 8449K, capacity 9064K, committed 9344K, reserved 1058816K
  class space    used 469K, capacity 529K, committed 640K, reserved 1048576K
Event: 2,980 GC heap after
Heap after GC invocations=10 (full 0):
 PSYoungGen      total 396800K, used 192K [0x00000000d8580000, 0x00000000f0c80000, 0x0000000100000000)
  eden space 393216K, 0% used [0x00000000d8580000,0x00000000d8580000,0x00000000f0580000)
  from space 3584K, 5% used [0x00000000f0900000,0x00000000f0930000,0x00000000f0c80000)
  to   space 3584K, 0% used [0x00000000f0580000,0x00000000f0580000,0x00000000f0900000)
 ParOldGen       total 81920K, used 1326K [0x0000000089000000, 0x000000008e000000, 0x00000000d8580000)
  object space 81920K, 1% used [0x0000000089000000,0x000000008914bad8,0x000000008e000000)
 Metaspace       used 8449K, capacity 9064K, committed 9344K, reserved 1058816K
  class space    used 469K, capacity 529K, committed 640K, reserved 1048576K
}

