# JRE version: OpenJDK Runtime Environment (8.0_342-b07) (build 1.8.0_342-8u342-b07-0ubuntu1~20.04-b07)
# Java VM: OpenJDK 64-Bit Server VM (25.342-b07 mixed mode linux-amd64 compressed oops)
Heap:
 PSYoungGen      total 495104K, used 368488K [0x00000000d8580000, 0x00000000f6c80000, 0x0000000100000000)
  eden space 491520K, 74% used [0x00000000d8580000,0x00000000eed3a130,0x00000000f6580000)
  from space 3584K, 3% used [0x00000000f6900000,0x00000000f6920000,0x00000000f6c80000)
  to   space 3584K, 0% used [0x00000000f6580000,0x00000000f6580000,0x00000000f6900000)
 ParOldGen       total 81920K, used 1286K [0x0000000089000000, 0x000000008e000000, 0x00000000d8580000)
  object space 81920K, 1% used [0x0000000089000000,0x0000000089141be0,0x000000008e000000)
 Metaspace       used 19061K, capacity 19290K, committed 19456K, reserved 1067008K
  class space    used 1670K, capacity 1753K, committed 1792K, reserved 1048576K
GC Heap History (10 events):
Event: 0,738 GC heap before
{Heap before GC invocations=4 (full 0):
 PSYoungGen      total 66560K, used 62733K [0x00000000d8580000, 0x00000000e0780000, 0x0000000100000000)
  eden space 61440K, 100% used [0x00000000d8580000,0x00000000dc180000,0x00000000dc180000)
  from space 5120K, 25% used [0x00000000dc180000,0x00000000dc2c37c8,0x00000000dc680000)
  to   space 5120K, 0% used [0x00000000e0280000,0x00000000e0280000,0x00000000e0780000)
 ParOldGen       total 81920K, used 16K [0x0000000089000000, 0x000000008e000000, 0x00000000d8580000)
  object space 81920K, 0% used [0x0000000089000000,0x0000000089004000,0x000000008e000000)
 Metaspace       used 8423K, capacity 9064K, committed 9344K, reserved 1058816K
  class space    used 469K, capacity 529K, committed 640K, reserved 1048576K
Event: 0,740 GC heap after
Heap after GC invocations=4 (full 0):
 PSYoungGen      total 128000K, used 1325K [0x00000000d8580000, 0x00000000e0780000, 0x0000000100000000)
  eden space 122880K, 0% used [0x00000000d8580000,0x00000000d8580000,0x00000000dfd80000)
  from space 5120K, 25% used [0x00000000e0280000,0x00000000e03cb7c8,0x00000000e0780000)
  to   space 5120K, 0% used [0x00000000dfd80000,0x00000000dfd80000,0x00000000e0280000)
 ParOldGen       total 81920K, used 24K [0x0000000089000000, 0x000000008e000000, 0x00000000d8580000)
  object space 81920K, 0% used [0x0000000089000000,0x0000000089006000,0x000000008e000000)
 Metaspace       used 8423K, capacity 9064K, committed 9344K, reserved 1058816K
  class space    used 469K, capacity 529K, committed 640K, reserved 1048576K
}
Event: 0,894 GC heap before
{Heap before GC invocations=5 (full 0):
 PSYoungGen      total 128000K, used 124205K [0x00000000d8580000, 0x00000000e0780000, 0x0000000100000000)
  eden space 122880K, 100% used [0x00000000d8580000,0x00000000dfd80000,0x00000000dfd80000)
  from space 5120K, 25% used [0x00000000e0280000,0x00000000e03cb7c8,0x00000000e0780000)
  to   space 5120K, 0% used [0x00000000dfd80000,0x00000000dfd80000,0x00000000e0280000)
 ParOldGen       total 81920K, used 24K [0x0000000089000000, 0x000000008e000000, 0x00000000d8580000)
  object space 81920K, 0% used [0x0000000089000000,0x0000000089006000,0x000000008e000000)
 Metaspace       used 8428K, capacity 9064K, committed 9344K, reserved 1058816K
  class space    used 469K, capacity 529K, committed 640K, reserved 1048576K
Event: 0,895 GC heap after
Heap after GC invocations=5 (full 0):
 PSYoungGen      total 128000K, used 1357K [0x00000000d8580000, 0x00000000e7c80000, 0x0000000100000000)
  eden space 122880K, 0% used [0x00000000d8580000,0x00000000d8580000,0x00000000dfd80000)
  from space 5120K, 26% used [0x00000000dfd80000,0x00000000dfed37c8,0x00000000e0280000)
  to   space 3584K, 0% used [0x00000000e7900000,0x00000000e7900000,0x00000000e7c80000)
 ParOldGen       total 81920K, used 32K [0x0000000089000000, 0x000000008e000000, 0x00000000d8580000)
  object space 81920K, 0% used [0x0000000089000000,0x0000000089008000,0x000000008e000000)
 Metaspace       used 8428K, capacity 9064K, committed 9344K, reserved 1058816K
  class space    used 469K, capacity 529K, committed 640K, reserved 1048576K
}
Event: 1,016 GC heap before
{Heap before GC invocations=6 (full 0):
 PSYoungGen      total 128000K, used 124237K [0x00000000d8580000, 0x00000000e7c80000, 0x0000000100000000)
  eden space 122880K, 100% used [0x00000000d8580000,0x00000000dfd80000,0x00000000dfd80000)
  from space 5120K, 26% used [0x00000000dfd80000,0x00000000dfed37c8,0x00000000e0280000)
  to   space 3584K, 0% used [0x00000000e7900000,0x00000000e7900000,0x00000000e7c80000)
 ParOldGen       total 81920K, used 32K [0x0000000089000000, 0x000000008e000000, 0x00000000d8580000)
  object space 81920K, 0% used [0x0000000089000000,0x0000000089008000,0x000000008e000000)
 Metaspace       used 8428K, capacity 9064K, committed 9344K, reserved 1058816K
  class space    used 469K, capacity 529K, committed 640K, reserved 1048576K
Event: 1,018 GC heap after
Heap after GC invocations=6 (full 0):
 PSYoungGen      total 249344K, used 1277K [0x00000000d8580000, 0x00000000e7c80000, 0x0000000100000000)
  eden space 245760K, 0% used [0x00000000d8580000,0x00000000d8580000,0x00000000e7580000)
  from space 3584K, 35% used [0x00000000e7900000,0x00000000e7a3f7b8,0x00000000e7c80000)
  to   space 3584K, 0% used [0x00000000e7580000,0x00000000e7580000,0x00000000e7900000)
 ParOldGen       total 81920K, used 40K [0x0000000089000000, 0x000000008e000000, 0x00000000d8580000)
  object space 81920K, 0% used [0x0000000089000000,0x000000008900a000,0x000000008e000000)
 Metaspace       used 8428K, capacity 9064K, committed 9344K, reserved 1058816K
  class space    used 469K, capacity 529K, committed 640K, reserved 1048576K
}
Event: 1,260 GC heap before
{Heap before GC invocations=7 (full 0):
 PSYoungGen      total 249344K, used 247037K [0x00000000d8580000, 0x00000000e7c80000, 0x0000000100000000)
  eden space 245760K, 100% used [0x00000000d8580000,0x00000000e7580000,0x00000000e7580000)
  from space 3584K, 35% used [0x00000000e7900000,0x00000000e7a3f7b8,0x00000000e7c80000)
  to   space 3584K, 0% used [0x00000000e7580000,0x00000000e7580000,0x00000000e7900000)
 ParOldGen       total 81920K, used 40K [0x0000000089000000, 0x000000008e000000, 0x00000000d8580000)
  object space 81920K, 0% used [0x0000000089000000,0x000000008900a000,0x000000008e000000)
 Metaspace       used 8428K, capacity 9064K, committed 9344K, reserved 1058816K
  class space    used 469K, capacity 529K, committed 640K, reserved 1048576K
Event: 1,262 GC heap after
Heap after GC invocations=7 (full 0):
 PSYoungGen      total 249344K, used 256K [0x00000000d8580000, 0x00000000f6c80000, 0x0000000100000000)
  eden space 245760K, 0% used [0x00000000d8580000,0x00000000d8580000,0x00000000e7580000)
  from space 3584K, 7% used [0x00000000e7580000,0x00000000e75c0000,0x00000000e7900000)
  to   space 3584K, 0% used [0x00000000f6900000,0x00000000f6900000,0x00000000f6c80000)
 ParOldGen       total 81920K, used 1246K [0x0000000089000000, 0x000000008e000000, 0x00000000d8580000)
  object space 81920K, 1% used [0x0000000089000000,0x0000000089137be0,0x000000008e000000)
 Metaspace       used 8428K, capacity 9064K, committed 9344K, reserved 1058816K
  class space    used 469K, capacity 529K, committed 640K, reserved 1048576K
}
Event: 1,454 GC heap before
{Heap before GC invocations=8 (full 0):
 PSYoungGen      total 249344K, used 246016K [0x00000000d8580000, 0x00000000f6c80000, 0x0000000100000000)
  eden space 245760K, 100% used [0x00000000d8580000,0x00000000e7580000,0x00000000e7580000)
  from space 3584K, 7% used [0x00000000e7580000,0x00000000e75c0000,0x00000000e7900000)
  to   space 3584K, 0% used [0x00000000f6900000,0x00000000f6900000,0x00000000f6c80000)
 ParOldGen       total 81920K, used 1246K [0x0000000089000000, 0x000000008e000000, 0x00000000d8580000)
  object space 81920K, 1% used [0x0000000089000000,0x0000000089137be0,0x000000008e000000)
 Metaspace       used 8446K, capacity 9064K, committed 9344K, reserved 1058816K
  class space    used 469K, capacity 529K, committed 640K, reserved 1048576K
Event: 1,454 GC heap after
Heap after GC invocations=8 (full 0):
 PSYoungGen      total 495104K, used 128K [0x00000000d8580000, 0x00000000f6c80000, 0x0000000100000000)
  eden space 491520K, 0% used [0x00000000d8580000,0x00000000d8580000,0x00000000f6580000)
  from space 3584K, 3% used [0x00000000f6900000,0x00000000f6920000,0x00000000f6c80000)
  to   space 3584K, 0% used [0x00000000f6580000,0x00000000f6580000,0x00000000f6900000)
 ParOldGen       total 81920K, used 1286K [0x0000000089000000, 0x000000008e000000, 0x00000000d8580000)
  object space 81920K, 1% used [0x0000000089000000,0x0000000089141be0,0x000000008e000000)
 Metaspace       used 8446K, capacity 9064K, committed 9344K, reserved 1058816K
  class space    used 469K, capacity 529K, committed 640K, reserved 1048576K
}

