# JRE version: OpenJDK Runtime Environment (8.0_342-b07) (build 1.8.0_342-8u342-b07-0ubuntu1~20.04-b07)
# Java VM: OpenJDK 64-Bit Server VM (25.342-b07 mixed mode linux-amd64 compressed oops)
Heap:
 PSYoungGen      total 495104K, used 368987K [0x00000000d8580000, 0x00000000f6c80000, 0x0000000100000000)
  eden space 491520K, 75% used [0x00000000d8580000,0x00000000eedaee00,0x00000000f6580000)
  from space 3584K, 4% used [0x00000000f6900000,0x00000000f6928000,0x00000000f6c80000)
  to   space 3584K, 0% used [0x00000000f6580000,0x00000000f6580000,0x00000000f6900000)
 ParOldGen       total 81920K, used 1291K [0x0000000089000000, 0x000000008e000000, 0x00000000d8580000)
  object space 81920K, 1% used [0x0000000089000000,0x0000000089142c78,0x000000008e000000)
 Metaspace       used 18997K, capacity 19226K, committed 19456K, reserved 1067008K
  class space    used 1669K, capacity 1753K, committed 1792K, reserved 1048576K
GC Heap History (10 events):
Event: 0,894 GC heap before
{Heap before GC invocations=4 (full 0):
 PSYoungGen      total 66560K, used 62685K [0x00000000d8580000, 0x00000000e0780000, 0x0000000100000000)
  eden space 61440K, 100% used [0x00000000d8580000,0x00000000dc180000,0x00000000dc180000)
  from space 5120K, 24% used [0x00000000dc180000,0x00000000dc2b77d8,0x00000000dc680000)
  to   space 5120K, 0% used [0x00000000e0280000,0x00000000e0280000,0x00000000e0780000)
 ParOldGen       total 81920K, used 8K [0x0000000089000000, 0x000000008e000000, 0x00000000d8580000)
  object space 81920K, 0% used [0x0000000089000000,0x0000000089002000,0x000000008e000000)
 Metaspace       used 8428K, capacity 9064K, committed 9344K, reserved 1058816K
  class space    used 469K, capacity 529K, committed 640K, reserved 1048576K
Event: 0,897 GC heap after
Heap after GC invocations=4 (full 0):
 PSYoungGen      total 128000K, used 1229K [0x00000000d8580000, 0x00000000e0780000, 0x0000000100000000)
  eden space 122880K, 0% used [0x00000000d8580000,0x00000000d8580000,0x00000000dfd80000)
  from space 5120K, 24% used [0x00000000e0280000,0x00000000e03b37c8,0x00000000e0780000)
  to   space 5120K, 0% used [0x00000000dfd80000,0x00000000dfd80000,0x00000000e0280000)
 ParOldGen       total 81920K, used 16K [0x0000000089000000, 0x000000008e000000, 0x00000000d8580000)
  object space 81920K, 0% used [0x0000000089000000,0x0000000089004000,0x000000008e000000)
 Metaspace       used 8428K, capacity 9064K, committed 9344K, reserved 1058816K
  class space    used 469K, capacity 529K, committed 640K, reserved 1048576K
}
Event: 1,145 GC heap before
{Heap before GC invocations=5 (full 0):
 PSYoungGen      total 128000K, used 124109K [0x00000000d8580000, 0x00000000e0780000, 0x0000000100000000)
  eden space 122880K, 100% used [0x00000000d8580000,0x00000000dfd80000,0x00000000dfd80000)
  from space 5120K, 24% used [0x00000000e0280000,0x00000000e03b37c8,0x00000000e0780000)
  to   space 5120K, 0% used [0x00000000dfd80000,0x00000000dfd80000,0x00000000e0280000)
 ParOldGen       total 81920K, used 16K [0x0000000089000000, 0x000000008e000000, 0x00000000d8580000)
  object space 81920K, 0% used [0x0000000089000000,0x0000000089004000,0x000000008e000000)
 Metaspace       used 8433K, capacity 9064K, committed 9344K, reserved 1058816K
  class space    used 469K, capacity 529K, committed 640K, reserved 1048576K
Event: 1,147 GC heap after
Heap after GC invocations=5 (full 0):
 PSYoungGen      total 128000K, used 1309K [0x00000000d8580000, 0x00000000e7c80000, 0x0000000100000000)
  eden space 122880K, 0% used [0x00000000d8580000,0x00000000d8580000,0x00000000dfd80000)
  from space 5120K, 25% used [0x00000000dfd80000,0x00000000dfec77d8,0x00000000e0280000)
  to   space 3584K, 0% used [0x00000000e7900000,0x00000000e7900000,0x00000000e7c80000)
 ParOldGen       total 81920K, used 24K [0x0000000089000000, 0x000000008e000000, 0x00000000d8580000)
  object space 81920K, 0% used [0x0000000089000000,0x0000000089006000,0x000000008e000000)
 Metaspace       used 8433K, capacity 9064K, committed 9344K, reserved 1058816K
  class space    used 469K, capacity 529K, committed 640K, reserved 1048576K
}
Event: 1,295 GC heap before
{Heap before GC invocations=6 (full 0):
 PSYoungGen      total 128000K, used 124189K [0x00000000d8580000, 0x00000000e7c80000, 0x0000000100000000)
  eden space 122880K, 100% used [0x00000000d8580000,0x00000000dfd80000,0x00000000dfd80000)
  from space 5120K, 25% used [0x00000000dfd80000,0x00000000dfec77d8,0x00000000e0280000)
  to   space 3584K, 0% used [0x00000000e7900000,0x00000000e7900000,0x00000000e7c80000)
 ParOldGen       total 81920K, used 24K [0x0000000089000000, 0x000000008e000000, 0x00000000d8580000)
  object space 81920K, 0% used [0x0000000089000000,0x0000000089006000,0x000000008e000000)
 Metaspace       used 8433K, capacity 9064K, committed 9344K, reserved 1058816K
  class space    used 469K, capacity 529K, committed 640K, reserved 1048576K
Event: 1,297 GC heap after
Heap after GC invocations=6 (full 0):
 PSYoungGen      total 249344K, used 1277K [0x00000000d8580000, 0x00000000e7c80000, 0x0000000100000000)
  eden space 245760K, 0% used [0x00000000d8580000,0x00000000d8580000,0x00000000e7580000)
  from space 3584K, 35% used [0x00000000e7900000,0x00000000e7a3f7d8,0x00000000e7c80000)
  to   space 3584K, 0% used [0x00000000e7580000,0x00000000e7580000,0x00000000e7900000)
 ParOldGen       total 81920K, used 32K [0x0000000089000000, 0x000000008e000000, 0x00000000d8580000)
  object space 81920K, 0% used [0x0000000089000000,0x0000000089008000,0x000000008e000000)
 Metaspace       used 8433K, capacity 9064K, committed 9344K, reserved 1058816K
  class space    used 469K, capacity 529K, committed 640K, reserved 1048576K
}
Event: 1,588 GC heap before
{Heap before GC invocations=7 (full 0):
 PSYoungGen      total 249344K, used 247037K [0x00000000d8580000, 0x00000000e7c80000, 0x0000000100000000)
  eden space 245760K, 100% used [0x00000000d8580000,0x00000000e7580000,0x00000000e7580000)
  from space 3584K, 35% used [0x00000000e7900000,0x00000000e7a3f7d8,0x00000000e7c80000)
  to   space 3584K, 0% used [0x00000000e7580000,0x00000000e7580000,0x00000000e7900000)
 ParOldGen       total 81920K, used 32K [0x0000000089000000, 0x000000008e000000, 0x00000000d8580000)
  object space 81920K, 0% used [0x0000000089000000,0x0000000089008000,0x000000008e000000)
 Metaspace       used 8433K, capacity 9064K, committed 9344K, reserved 1058816K
  class space    used 469K, capacity 529K, committed 640K, reserved 1048576K
Event: 1,590 GC heap after
Heap after GC invocations=7 (full 0):
 PSYoungGen      total 249344K, used 224K [0x00000000d8580000, 0x00000000f6c80000, 0x0000000100000000)
  eden space 245760K, 0% used [0x00000000d8580000,0x00000000d8580000,0x00000000e7580000)
  from space 3584K, 6% used [0x00000000e7580000,0x00000000e75b8000,0x00000000e7900000)
  to   space 3584K, 0% used [0x00000000f6900000,0x00000000f6900000,0x00000000f6c80000)
 ParOldGen       total 81920K, used 1227K [0x0000000089000000, 0x000000008e000000, 0x00000000d8580000)
  object space 81920K, 1% used [0x0000000089000000,0x0000000089132c78,0x000000008e000000)
 Metaspace       used 8433K, capacity 9064K, committed 9344K, reserved 1058816K
  class space    used 469K, capacity 529K, committed 640K, reserved 1048576K
}
Event: 1,820 GC heap before
{Heap before GC invocations=8 (full 0):
 PSYoungGen      total 249344K, used 245984K [0x00000000d8580000, 0x00000000f6c80000, 0x0000000100000000)
  eden space 245760K, 100% used [0x00000000d8580000,0x00000000e7580000,0x00000000e7580000)
  from space 3584K, 6% used [0x00000000e7580000,0x00000000e75b8000,0x00000000e7900000)
  to   space 3584K, 0% used [0x00000000f6900000,0x00000000f6900000,0x00000000f6c80000)
 ParOldGen       total 81920K, used 1227K [0x0000000089000000, 0x000000008e000000, 0x00000000d8580000)
  object space 81920K, 1% used [0x0000000089000000,0x0000000089132c78,0x000000008e000000)
 Metaspace       used 8451K, capacity 9064K, committed 9344K, reserved 1058816K
  class space    used 469K, capacity 529K, committed 640K, reserved 1048576K
Event: 1,822 GC heap after
Heap after GC invocations=8 (full 0):
 PSYoungGen      total 495104K, used 160K [0x00000000d8580000, 0x00000000f6c80000, 0x0000000100000000)
  eden space 491520K, 0% used [0x00000000d8580000,0x00000000d8580000,0x00000000f6580000)
  from space 3584K, 4% used [0x00000000f6900000,0x00000000f6928000,0x00000000f6c80000)
  to   space 3584K, 0% used [0x00000000f6580000,0x00000000f6580000,0x00000000f6900000)
 ParOldGen       total 81920K, used 1291K [0x0000000089000000, 0x000000008e000000, 0x00000000d8580000)
  object space 81920K, 1% used [0x0000000089000000,0x0000000089142c78,0x000000008e000000)
 Metaspace       used 8451K, capacity 9064K, committed 9344K, reserved 1058816K
  class space    used 469K, capacity 529K, committed 640K, reserved 1048576K
}

