# JRE version: OpenJDK Runtime Environment (8.0_342-b07) (build 1.8.0_342-8u342-b07-0ubuntu1~20.04-b07)
# Java VM: OpenJDK 64-Bit Server VM (25.342-b07 mixed mode linux-amd64 compressed oops)
Heap:
 PSYoungGen      total 396800K, used 302812K [0x00000000d8580000, 0x00000000f0c80000, 0x0000000100000000)
  eden space 393216K, 76% used [0x00000000d8580000,0x00000000ead27308,0x00000000f0580000)
  from space 3584K, 1% used [0x00000000f0900000,0x00000000f0910000,0x00000000f0c80000)
  to   space 3584K, 0% used [0x00000000f0580000,0x00000000f0580000,0x00000000f0900000)
 ParOldGen       total 81920K, used 1325K [0x0000000089000000, 0x000000008e000000, 0x00000000d8580000)
  object space 81920K, 1% used [0x0000000089000000,0x000000008914b7d8,0x000000008e000000)
 Metaspace       used 18984K, capacity 19226K, committed 19456K, reserved 1067008K
  class space    used 1670K, capacity 1753K, committed 1792K, reserved 1048576K
GC Heap History (10 events):
Event: 0,796 GC heap before
{Heap before GC invocations=6 (full 0):
 PSYoungGen      total 66560K, used 62733K [0x00000000d8580000, 0x00000000e0480000, 0x0000000100000000)
  eden space 61440K, 100% used [0x00000000d8580000,0x00000000dc180000,0x00000000dc180000)
  from space 5120K, 25% used [0x00000000dc180000,0x00000000dc2c37c8,0x00000000dc680000)
  to   space 3584K, 0% used [0x00000000e0100000,0x00000000e0100000,0x00000000e0480000)
 ParOldGen       total 81920K, used 24K [0x0000000089000000, 0x000000008e000000, 0x00000000d8580000)
  object space 81920K, 0% used [0x0000000089000000,0x0000000089006000,0x000000008e000000)
 Metaspace       used 8433K, capacity 9064K, committed 9344K, reserved 1058816K
  class space    used 469K, capacity 529K, committed 640K, reserved 1048576K
Event: 0,798 GC heap after
Heap after GC invocations=6 (full 0):
 PSYoungGen      total 126464K, used 1325K [0x00000000d8580000, 0x00000000e0480000, 0x0000000100000000)
  eden space 122880K, 0% used [0x00000000d8580000,0x00000000d8580000,0x00000000dfd80000)
  from space 3584K, 36% used [0x00000000e0100000,0x00000000e024b7c8,0x00000000e0480000)
  to   space 3584K, 0% used [0x00000000dfd80000,0x00000000dfd80000,0x00000000e0100000)
 ParOldGen       total 81920K, used 32K [0x0000000089000000, 0x000000008e000000, 0x00000000d8580000)
  object space 81920K, 0% used [0x0000000089000000,0x0000000089008000,0x000000008e000000)
 Metaspace       used 8433K, capacity 9064K, committed 9344K, reserved 1058816K
  class space    used 469K, capacity 529K, committed 640K, reserved 1048576K
}
Event: 0,948 GC heap before
{Heap before GC invocations=7 (full 0):
 PSYoungGen      total 126464K, used 124205K [0x00000000d8580000, 0x00000000e0480000, 0x0000000100000000)
  eden space 122880K, 100% used [0x00000000d8580000,0x00000000dfd80000,0x00000000dfd80000)
  from space 3584K, 36% used [0x00000000e0100000,0x00000000e024b7c8,0x00000000e0480000)
  to   space 3584K, 0% used [0x00000000dfd80000,0x00000000dfd80000,0x00000000e0100000)
 ParOldGen       total 81920K, used 32K [0x0000000089000000, 0x000000008e000000, 0x00000000d8580000)
  object space 81920K, 0% used [0x0000000089000000,0x0000000089008000,0x000000008e000000)
 Metaspace       used 8435K, capacity 9064K, committed 9344K, reserved 1058816K
  class space    used 469K, capacity 529K, committed 640K, reserved 1048576K
Event: 0,949 GC heap after
Heap after GC invocations=7 (full 0):
 PSYoungGen      total 126464K, used 256K [0x00000000d8580000, 0x00000000e7c80000, 0x0000000100000000)
  eden space 122880K, 0% used [0x00000000d8580000,0x00000000d8580000,0x00000000dfd80000)
  from space 3584K, 7% used [0x00000000dfd80000,0x00000000dfdc0000,0x00000000e0100000)
  to   space 3584K, 0% used [0x00000000e7900000,0x00000000e7900000,0x00000000e7c80000)
 ParOldGen       total 81920K, used 1237K [0x0000000089000000, 0x000000008e000000, 0x00000000d8580000)
  object space 81920K, 1% used [0x0000000089000000,0x00000000891357d8,0x000000008e000000)
 Metaspace       used 8435K, capacity 9064K, committed 9344K, reserved 1058816K
  class space    used 469K, capacity 529K, committed 640K, reserved 1048576K
}
Event: 1,068 GC heap before
{Heap before GC invocations=8 (full 0):
 PSYoungGen      total 126464K, used 123136K [0x00000000d8580000, 0x00000000e7c80000, 0x0000000100000000)
  eden space 122880K, 100% used [0x00000000d8580000,0x00000000dfd80000,0x00000000dfd80000)
  from space 3584K, 7% used [0x00000000dfd80000,0x00000000dfdc0000,0x00000000e0100000)
  to   space 3584K, 0% used [0x00000000e7900000,0x00000000e7900000,0x00000000e7c80000)
 ParOldGen       total 81920K, used 1237K [0x0000000089000000, 0x000000008e000000, 0x00000000d8580000)
  object space 81920K, 1% used [0x0000000089000000,0x00000000891357d8,0x000000008e000000)
 Metaspace       used 8435K, capacity 9064K, committed 9344K, reserved 1058816K
  class space    used 469K, capacity 529K, committed 640K, reserved 1048576K
Event: 1,069 GC heap after
Heap after GC invocations=8 (full 0):
 PSYoungGen      total 249344K, used 256K [0x00000000d8580000, 0x00000000e7c80000, 0x0000000100000000)
  eden space 245760K, 0% used [0x00000000d8580000,0x00000000d8580000,0x00000000e7580000)
  from space 3584K, 7% used [0x00000000e7900000,0x00000000e7940000,0x00000000e7c80000)
  to   space 3584K, 0% used [0x00000000e7580000,0x00000000e7580000,0x00000000e7900000)
 ParOldGen       total 81920K, used 1301K [0x0000000089000000, 0x000000008e000000, 0x00000000d8580000)
  object space 81920K, 1% used [0x0000000089000000,0x00000000891457d8,0x000000008e000000)
 Metaspace       used 8435K, capacity 9064K, committed 9344K, reserved 1058816K
  class space    used 469K, capacity 529K, committed 640K, reserved 1048576K
}
Event: 1,295 GC heap before
{Heap before GC invocations=9 (full 0):
 PSYoungGen      total 249344K, used 246016K [0x00000000d8580000, 0x00000000e7c80000, 0x0000000100000000)
  eden space 245760K, 100% used [0x00000000d8580000,0x00000000e7580000,0x00000000e7580000)
  from space 3584K, 7% used [0x00000000e7900000,0x00000000e7940000,0x00000000e7c80000)
  to   space 3584K, 0% used [0x00000000e7580000,0x00000000e7580000,0x00000000e7900000)
 ParOldGen       total 81920K, used 1301K [0x0000000089000000, 0x000000008e000000, 0x00000000d8580000)
  object space 81920K, 1% used [0x0000000089000000,0x00000000891457d8,0x000000008e000000)
 Metaspace       used 8436K, capacity 9064K, committed 9344K, reserved 1058816K
  class space    used 469K, capacity 529K, committed 640K, reserved 1048576K
Event: 1,296 GC heap after
Heap after GC invocations=9 (full 0):
 PSYoungGen      total 249344K, used 32K [0x00000000d8580000, 0x00000000f0c80000, 0x0000000100000000)
  eden space 245760K, 0% used [0x00000000d8580000,0x00000000d8580000,0x00000000e7580000)
  from space 3584K, 0% used [0x00000000e7580000,0x00000000e7588000,0x00000000e7900000)
  to   space 3584K, 0% used [0x00000000f0900000,0x00000000f0900000,0x00000000f0c80000)
 ParOldGen       total 81920K, used 1309K [0x0000000089000000, 0x000000008e000000, 0x00000000d8580000)
  object space 81920K, 1% used [0x0000000089000000,0x00000000891477d8,0x000000008e000000)
 Metaspace       used 8436K, capacity 9064K, committed 9344K, reserved 1058816K
  class space    used 469K, capacity 529K, committed 640K, reserved 1048576K
}
Event: 1,489 GC heap before
{Heap before GC invocations=10 (full 0):
 PSYoungGen      total 249344K, used 245792K [0x00000000d8580000, 0x00000000f0c80000, 0x0000000100000000)
  eden space 245760K, 100% used [0x00000000d8580000,0x00000000e7580000,0x00000000e7580000)
  from space 3584K, 0% used [0x00000000e7580000,0x00000000e7588000,0x00000000e7900000)
  to   space 3584K, 0% used [0x00000000f0900000,0x00000000f0900000,0x00000000f0c80000)
 ParOldGen       total 81920K, used 1309K [0x0000000089000000, 0x000000008e000000, 0x00000000d8580000)
  object space 81920K, 1% used [0x0000000089000000,0x00000000891477d8,0x000000008e000000)
 Metaspace       used 8447K, capacity 9064K, committed 9344K, reserved 1058816K
  class space    used 469K, capacity 529K, committed 640K, reserved 1048576K
Event: 1,490 GC heap after
Heap after GC invocations=10 (full 0):
 PSYoungGen      total 396800K, used 64K [0x00000000d8580000, 0x00000000f0c80000, 0x0000000100000000)
  eden space 393216K, 0% used [0x00000000d8580000,0x00000000d8580000,0x00000000f0580000)
  from space 3584K, 1% used [0x00000000f0900000,0x00000000f0910000,0x00000000f0c80000)
  to   space 3584K, 0% used [0x00000000f0580000,0x00000000f0580000,0x00000000f0900000)
 ParOldGen       total 81920K, used 1325K [0x0000000089000000, 0x000000008e000000, 0x00000000d8580000)
  object space 81920K, 1% used [0x0000000089000000,0x000000008914b7d8,0x000000008e000000)
 Metaspace       used 8447K, capacity 9064K, committed 9344K, reserved 1058816K
  class space    used 469K, capacity 529K, committed 640K, reserved 1048576K
}

