# JRE version: OpenJDK Runtime Environment (8.0_342-b07) (build 1.8.0_342-8u342-b07-0ubuntu1~20.04-b07)
# Java VM: OpenJDK 64-Bit Server VM (25.342-b07 mixed mode linux-amd64 compressed oops)
Heap:
 PSYoungGen      total 495104K, used 231365K [0x00000000d8580000, 0x00000000f6c80000, 0x0000000100000000)
  eden space 491520K, 47% used [0x00000000d8580000,0x00000000e67495d0,0x00000000f6580000)
  from space 3584K, 4% used [0x00000000f6900000,0x00000000f6928000,0x00000000f6c80000)
  to   space 3584K, 0% used [0x00000000f6580000,0x00000000f6580000,0x00000000f6900000)
 ParOldGen       total 81920K, used 2101K [0x0000000089000000, 0x000000008e000000, 0x00000000d8580000)
  object space 81920K, 2% used [0x0000000089000000,0x000000008920d770,0x000000008e000000)
 Metaspace       used 17777K, capacity 17978K, committed 18304K, reserved 1067008K
  class space    used 1558K, capacity 1604K, committed 1664K, reserved 1048576K
GC Heap History (10 events):
Event: 0,690 GC heap before
{Heap before GC invocations=4 (full 0):
 PSYoungGen      total 66560K, used 63580K [0x00000000d8580000, 0x00000000e0780000, 0x0000000100000000)
  eden space 61440K, 100% used [0x00000000d8580000,0x00000000dc180000,0x00000000dc180000)
  from space 5120K, 41% used [0x00000000dc180000,0x00000000dc3973a8,0x00000000dc680000)
  to   space 5120K, 0% used [0x00000000e0280000,0x00000000e0280000,0x00000000e0780000)
 ParOldGen       total 81920K, used 32K [0x0000000089000000, 0x000000008e000000, 0x00000000d8580000)
  object space 81920K, 0% used [0x0000000089000000,0x0000000089008000,0x000000008e000000)
 Metaspace       used 13151K, capacity 13332K, committed 13696K, reserved 1062912K
  class space    used 1003K, capacity 1057K, committed 1152K, reserved 1048576K
Event: 0,692 GC heap after
Heap after GC invocations=4 (full 0):
 PSYoungGen      total 128000K, used 2172K [0x00000000d8580000, 0x00000000e0780000, 0x0000000100000000)
  eden space 122880K, 0% used [0x00000000d8580000,0x00000000d8580000,0x00000000dfd80000)
  from space 5120K, 42% used [0x00000000e0280000,0x00000000e049f388,0x00000000e0780000)
  to   space 5120K, 0% used [0x00000000dfd80000,0x00000000dfd80000,0x00000000e0280000)
 ParOldGen       total 81920K, used 40K [0x0000000089000000, 0x000000008e000000, 0x00000000d8580000)
  object space 81920K, 0% used [0x0000000089000000,0x000000008900a000,0x000000008e000000)
 Metaspace       used 13151K, capacity 13332K, committed 13696K, reserved 1062912K
  class space    used 1003K, capacity 1057K, committed 1152K, reserved 1048576K
}
Event: 0,814 GC heap before
{Heap before GC invocations=5 (full 0):
 PSYoungGen      total 128000K, used 125052K [0x00000000d8580000, 0x00000000e0780000, 0x0000000100000000)
  eden space 122880K, 100% used [0x00000000d8580000,0x00000000dfd80000,0x00000000dfd80000)
  from space 5120K, 42% used [0x00000000e0280000,0x00000000e049f388,0x00000000e0780000)
  to   space 5120K, 0% used [0x00000000dfd80000,0x00000000dfd80000,0x00000000e0280000)
 ParOldGen       total 81920K, used 40K [0x0000000089000000, 0x000000008e000000, 0x00000000d8580000)
  object space 81920K, 0% used [0x0000000089000000,0x000000008900a000,0x000000008e000000)
 Metaspace       used 13152K, capacity 13332K, committed 13696K, reserved 1062912K
  class space    used 1003K, capacity 1057K, committed 1152K, reserved 1048576K
Event: 0,816 GC heap after
Heap after GC invocations=5 (full 0):
 PSYoungGen      total 128000K, used 2124K [0x00000000d8580000, 0x00000000e7b80000, 0x0000000100000000)
  eden space 122880K, 0% used [0x00000000d8580000,0x00000000d8580000,0x00000000dfd80000)
  from space 5120K, 41% used [0x00000000dfd80000,0x00000000dff93398,0x00000000e0280000)
  to   space 3072K, 0% used [0x00000000e7880000,0x00000000e7880000,0x00000000e7b80000)
 ParOldGen       total 81920K, used 48K [0x0000000089000000, 0x000000008e000000, 0x00000000d8580000)
  object space 81920K, 0% used [0x0000000089000000,0x000000008900c000,0x000000008e000000)
 Metaspace       used 13152K, capacity 13332K, committed 13696K, reserved 1062912K
  class space    used 1003K, capacity 1057K, committed 1152K, reserved 1048576K
}
Event: 0,916 GC heap before
{Heap before GC invocations=6 (full 0):
 PSYoungGen      total 128000K, used 125004K [0x00000000d8580000, 0x00000000e7b80000, 0x0000000100000000)
  eden space 122880K, 100% used [0x00000000d8580000,0x00000000dfd80000,0x00000000dfd80000)
  from space 5120K, 41% used [0x00000000dfd80000,0x00000000dff93398,0x00000000e0280000)
  to   space 3072K, 0% used [0x00000000e7880000,0x00000000e7880000,0x00000000e7b80000)
 ParOldGen       total 81920K, used 48K [0x0000000089000000, 0x000000008e000000, 0x00000000d8580000)
  object space 81920K, 0% used [0x0000000089000000,0x000000008900c000,0x000000008e000000)
 Metaspace       used 13153K, capacity 13332K, committed 13696K, reserved 1062912K
  class space    used 1003K, capacity 1057K, committed 1152K, reserved 1048576K
Event: 0,918 GC heap after
Heap after GC invocations=6 (full 0):
 PSYoungGen      total 248832K, used 2108K [0x00000000d8580000, 0x00000000e7b80000, 0x0000000100000000)
  eden space 245760K, 0% used [0x00000000d8580000,0x00000000d8580000,0x00000000e7580000)
  from space 3072K, 68% used [0x00000000e7880000,0x00000000e7a8f3a8,0x00000000e7b80000)
  to   space 3072K, 0% used [0x00000000e7580000,0x00000000e7580000,0x00000000e7880000)
 ParOldGen       total 81920K, used 48K [0x0000000089000000, 0x000000008e000000, 0x00000000d8580000)
  object space 81920K, 0% used [0x0000000089000000,0x000000008900c000,0x000000008e000000)
 Metaspace       used 13153K, capacity 13332K, committed 13696K, reserved 1062912K
  class space    used 1003K, capacity 1057K, committed 1152K, reserved 1048576K
}
Event: 1,132 GC heap before
{Heap before GC invocations=7 (full 0):
 PSYoungGen      total 248832K, used 247868K [0x00000000d8580000, 0x00000000e7b80000, 0x0000000100000000)
  eden space 245760K, 100% used [0x00000000d8580000,0x00000000e7580000,0x00000000e7580000)
  from space 3072K, 68% used [0x00000000e7880000,0x00000000e7a8f3a8,0x00000000e7b80000)
  to   space 3072K, 0% used [0x00000000e7580000,0x00000000e7580000,0x00000000e7880000)
 ParOldGen       total 81920K, used 48K [0x0000000089000000, 0x000000008e000000, 0x00000000d8580000)
  object space 81920K, 0% used [0x0000000089000000,0x000000008900c000,0x000000008e000000)
 Metaspace       used 13154K, capacity 13332K, committed 13696K, reserved 1062912K
  class space    used 1003K, capacity 1057K, committed 1152K, reserved 1048576K
Event: 1,134 GC heap after
Heap after GC invocations=7 (full 0):
 PSYoungGen      total 248832K, used 256K [0x00000000d8580000, 0x00000000f6c80000, 0x0000000100000000)
  eden space 245760K, 0% used [0x00000000d8580000,0x00000000d8580000,0x00000000e7580000)
  from space 3072K, 8% used [0x00000000e7580000,0x00000000e75c0000,0x00000000e7880000)
  to   space 3584K, 0% used [0x00000000f6900000,0x00000000f6900000,0x00000000f6c80000)
 ParOldGen       total 81920K, used 2045K [0x0000000089000000, 0x000000008e000000, 0x00000000d8580000)
  object space 81920K, 2% used [0x0000000089000000,0x00000000891ff770,0x000000008e000000)
 Metaspace       used 13154K, capacity 13332K, committed 13696K, reserved 1062912K
  class space    used 1003K, capacity 1057K, committed 1152K, reserved 1048576K
}
Event: 1,302 GC heap before
{Heap before GC invocations=8 (full 0):
 PSYoungGen      total 248832K, used 246016K [0x00000000d8580000, 0x00000000f6c80000, 0x0000000100000000)
  eden space 245760K, 100% used [0x00000000d8580000,0x00000000e7580000,0x00000000e7580000)
  from space 3072K, 8% used [0x00000000e7580000,0x00000000e75c0000,0x00000000e7880000)
  to   space 3584K, 0% used [0x00000000f6900000,0x00000000f6900000,0x00000000f6c80000)
 ParOldGen       total 81920K, used 2045K [0x0000000089000000, 0x000000008e000000, 0x00000000d8580000)
  object space 81920K, 2% used [0x0000000089000000,0x00000000891ff770,0x000000008e000000)
 Metaspace       used 13163K, capacity 13332K, committed 13696K, reserved 1062912K
  class space    used 1003K, capacity 1057K, committed 1152K, reserved 1048576K
Event: 1,303 GC heap after
Heap after GC invocations=8 (full 0):
 PSYoungGen      total 495104K, used 160K [0x00000000d8580000, 0x00000000f6c80000, 0x0000000100000000)
  eden space 491520K, 0% used [0x00000000d8580000,0x00000000d8580000,0x00000000f6580000)
  from space 3584K, 4% used [0x00000000f6900000,0x00000000f6928000,0x00000000f6c80000)
  to   space 3584K, 0% used [0x00000000f6580000,0x00000000f6580000,0x00000000f6900000)
 ParOldGen       total 81920K, used 2101K [0x0000000089000000, 0x000000008e000000, 0x00000000d8580000)
  object space 81920K, 2% used [0x0000000089000000,0x000000008920d770,0x000000008e000000)
 Metaspace       used 13163K, capacity 13332K, committed 13696K, reserved 1062912K
  class space    used 1003K, capacity 1057K, committed 1152K, reserved 1048576K
}

